<?xml version="1.0" encoding="UTF-8"?>
<!-- Generated by org.testng.reporters.JUnitReportReporter -->
<testsuite skipped="0" hostname="6W5SNH2" name="utilities.FileComparisionTest" tests="11" failures="0" timestamp="02 Jun 2020 15:53:01 GMT" time="10.078" errors="1">
  <testcase name="Successfully_Create_Process_a_Check_With_Memo_n_Expense_Memo_Edit_it_andAddItem_With_Quantity_TaxCode_n_Location_PDF11" time="0.002" classname="utilities.FileComparisionTest">
    <error type="java.lang.NullPointerException">
      <![CDATA[java.lang.NullPointerException
at utilities.FilesClass.getMyFileName(FilesClass.java:70)
at utilities.FileComparisionTest.Successfully_Create_Process_a_Check_With_Memo_n_Expense_Memo_Edit_it_andAddItem_With_Quantity_TaxCode_n_Location_PDF11(FileComparisionTest.java:253)
at sun.reflect.NativeMethodAccessorImpl.invoke0(Native Method)
at sun.reflect.NativeMethodAccessorImpl.invoke(Unknown Source)
at sun.reflect.DelegatingMethodAccessorImpl.invoke(Unknown Source)
at java.lang.reflect.Method.invoke(Unknown Source)
at org.testng.internal.MethodInvocationHelper.invokeMethod(MethodInvocationHelper.java:124)
at org.testng.internal.Invoker.invokeMethod(Invoker.java:580)
at org.testng.internal.Invoker.invokeTestMethod(Invoker.java:716)
at org.testng.internal.Invoker.invokeTestMethods(Invoker.java:988)
at org.testng.internal.TestMethodWorker.invokeTestMethods(TestMethodWorker.java:125)
at org.testng.internal.TestMethodWorker.run(TestMethodWorker.java:109)
at org.testng.TestRunner.privateRun(TestRunner.java:648)
at org.testng.TestRunner.run(TestRunner.java:505)
at org.testng.SuiteRunner.runTest(SuiteRunner.java:455)
at org.testng.SuiteRunner.runSequentially(SuiteRunner.java:450)
at org.testng.SuiteRunner.privateRun(SuiteRunner.java:415)
at org.testng.SuiteRunner.run(SuiteRunner.java:364)
at org.testng.SuiteRunnerWorker.runSuite(SuiteRunnerWorker.java:52)
at org.testng.SuiteRunnerWorker.run(SuiteRunnerWorker.java:84)
at org.testng.TestNG.runSuitesSequentially(TestNG.java:1208)
at org.testng.TestNG.runSuitesLocally(TestNG.java:1137)
at org.testng.TestNG.runSuites(TestNG.java:1049)
at org.testng.TestNG.run(TestNG.java:1017)
at org.testng.remote.AbstractRemoteTestNG.run(AbstractRemoteTestNG.java:114)
at org.testng.remote.RemoteTestNG.initAndRun(RemoteTestNG.java:251)
at org.testng.remote.RemoteTestNG.main(RemoteTestNG.java:77)
]]>
    </error>
  </testcase> <!-- Successfully_Create_Process_a_Check_With_Memo_n_Expense_Memo_Edit_it_andAddItem_With_Quantity_TaxCode_n_Location_PDF11 -->
  <testcase name="Successfully_Create_And_Process_Discount_For_Checks_Payment_While_Approval_isEnabled_PDF_1" time="0.883" classname="utilities.FileComparisionTest"/>
  <testcase name="Create_an_Expense_Report_Process_Payment_No_ApprovalNeeded_PDF_10" time="0.785" classname="utilities.FileComparisionTest"/>
  <testcase name="Create_a_Bill_Payment_With_Checks_Enter_JournalEntry_Discount_n_Credits_n_ProcessPayment_WhileApproval_isEnabled_ThenDownload_PDF_3" time="1.093" classname="utilities.FileComparisionTest"/>
  <testcase name="Create_a_Check_Payment_applying_Discount_n_ProcessPayment_ThenDownload_PDF_2" time="0.837" classname="utilities.FileComparisionTest"/>
  <testcase name="Create_an_ACH_Payment_VendorWithNoEmailAddress_n_ProcessPayment_WhileApproval_isEnabled_ThenCompare_PDF_9" time="0.804" classname="utilities.FileComparisionTest"/>
  <testcase name="Succesfully_create_and_process_customer_withdrawal_ACH_payment_ThenDownload_PDF_8" time="0.742" classname="utilities.FileComparisionTest"/>
  <testcase name="Successfully_Create_And_Process_Discount_For_ACH_Payment_While_Approval_isEnabled_VendorNoEmail_PDF_7" time="0.828" classname="utilities.FileComparisionTest"/>
  <testcase name="Create_a_Bill_Payment_With_Checks_Enter_Negative_JournalEntry_Discount_n_Credits_n_ProcessPayment_WhileApproval_isDissabled_PDF_6" time="1.094" classname="utilities.FileComparisionTest"/>
  <testcase name="MEMO_Create_a_Bill_Payment_With_Checks_Enter_JournalEntry_Discount_n_Credits_n_ProcessPayment_WhileApproval_isDissabled_PDF_5" time="0.890" classname="utilities.FileComparisionTest"/>
  <testcase name="Create_a_Bill_Payment_With_Checks_Enter_JournalEntry_Discount_n_Credits_n_ProcessPayment_WhileApproval_isDissabled_ThenDownload_PDF_4" time="2.120" classname="utilities.FileComparisionTest"/>
</testsuite> <!-- utilities.FileComparisionTest -->
